[    0.000000] Initializing cgroup subsys cpuset
[    0.000000] Initializing cgroup subsys cpu
[    0.000000] Initializing cgroup subsys cpuacct
[    0.000000] Linux version 4.4.0-201-generic (buildd@lgw01-amd64-044) (gcc version 5.4.0 20160609 (Ubuntu 5.4.0-6ubuntu1~16.04.12) ) #233-Ubuntu SMP Thu Jan 14 06:10:28 UTC 2021 (Ubuntu 4.4.0-201.233-generic 4.4.247)
[    0.000000] Command line: BOOT_IMAGE=/boot/vmlinuz-4.4.0-201-generic root=LABEL=cloudimg-rootfs ro console=tty1 console=ttyS0
[    0.000000] KERNEL supported cpus:
[    0.000000]   Intel GenuineIntel
[    0.000000]   AMD AuthenticAMD
[    0.000000]   Centaur CentaurHauls
[    0.000000] x86/fpu: xstate_offset[2]:  576, xstate_sizes[2]:  256
[    0.000000] x86/fpu: Supporting XSAVE feature 0x01: 'x87 floating point registers'
[    0.000000] x86/fpu: Supporting XSAVE feature 0x02: 'SSE registers'
[    0.000000] x86/fpu: Supporting XSAVE feature 0x04: 'AVX registers'
[    0.000000] x86/fpu: Enabled xstate features 0x7, context size is 832 bytes, using 'standard' format.
[    0.000000] e820: BIOS-provided physical RAM map:
[    0.000000] BIOS-e820: [mem 0x0000000000000000-0x000000000009fbff] usable
[    0.000000] BIOS-e820: [mem 0x000000000009fc00-0x000000000009ffff] reserved
[    0.000000] BIOS-e820: [mem 0x00000000000f0000-0x00000000000fffff] reserved
[    0.000000] BIOS-e820: [mem 0x0000000000100000-0x000000007ffeffff] usable
[    0.000000] BIOS-e820: [mem 0x000000007fff0000-0x000000007fffffff] ACPI data
[    0.000000] BIOS-e820: [mem 0x00000000fec00000-0x00000000fec00fff] reserved
[    0.000000] BIOS-e820: [mem 0x00000000fee00000-0x00000000fee00fff] reserved
[    0.000000] BIOS-e820: [mem 0x00000000fffc0000-0x00000000ffffffff] reserved
[    0.000000] NX (Execute Disable) protection: active
[    0.000000] SMBIOS 2.5 present.
[    0.000000] Hypervisor detected: KVM
[    0.000000] e820: last_pfn = 0x7fff0 max_arch_pfn = 0x400000000
[    0.000000] MTRR: Disabled
[    0.000000] x86/PAT: MTRRs disabled, skipping PAT initialization too.
[    0.000000] CPU MTRRs all blank - virtualized system.
[    0.000000] x86/PAT: Configuration [0-7]: WB  WT  UC- UC  WB  WT  UC- UC  
[    0.000000] found SMP MP-table at [mem 0x0009fff0-0x0009ffff] mapped at [ffff88000009fff0]
[    0.000000] Scanning 1 areas for low memory corruption
[    0.000000] RAMDISK: [mem 0x362e0000-0x37167fff]
[    0.000000] ACPI: Early table checksum verification disabled
[    0.000000] ACPI: RSDP 0x00000000000E0000 000024 (v02 VBOX  )
[    0.000000] ACPI: XSDT 0x000000007FFF0030 00003C (v01 VBOX   VBOXXSDT 00000001 ASL  00000061)
[    0.000000] ACPI: FACP 0x000000007FFF00F0 0000F4 (v04 VBOX   VBOXFACP 00000001 ASL  00000061)
[    0.000000] ACPI: DSDT 0x000000007FFF0470 002325 (v02 VBOX   VBOXBIOS 00000002 INTL 20120111)
[    0.000000] ACPI: FACS 0x000000007FFF0200 000040
[    0.000000] ACPI: FACS 0x000000007FFF0200 000040
[    0.000000] ACPI: APIC 0x000000007FFF0240 000054 (v02 VBOX   VBOXAPIC 00000001 ASL  00000061)
[    0.000000] ACPI: SSDT 0x000000007FFF02A0 0001CC (v01 VBOX   VBOXCPUT 00000002 INTL 20120111)
[    0.000000] No NUMA configuration found
[    0.000000] Faking a node at [mem 0x0000000000000000-0x000000007ffeffff]
[    0.000000] NODE_DATA(0) allocated [mem 0x7ffeb000-0x7ffeffff]
[    0.000000] kvm-clock: Using msrs 4b564d01 and 4b564d00
[    0.000000] kvm-clock: cpu 0, msr 0:7ffe3001, primary cpu clock
[    0.000000] kvm-clock: using sched offset of 4258906310 cycles
[    0.000000] clocksource: kvm-clock: mask: 0xffffffffffffffff max_cycles: 0x1cd42e4dffb, max_idle_ns: 881590591483 ns
[    0.000000] Zone ranges:
[    0.000000]   DMA      [mem 0x0000000000001000-0x0000000000ffffff]
[    0.000000]   DMA32    [mem 0x0000000001000000-0x000000007ffeffff]
[    0.000000]   Normal   empty
[    0.000000]   Device   empty
[    0.000000] Movable zone start for each node
[    0.000000] Early memory node ranges
[    0.000000]   node   0: [mem 0x0000000000001000-0x000000000009efff]
[    0.000000]   node   0: [mem 0x0000000000100000-0x000000007ffeffff]
[    0.000000] Initmem setup node 0 [mem 0x0000000000001000-0x000000007ffeffff]
[    0.000000] ACPI: PM-Timer IO Port: 0x4008
[    0.000000] IOAPIC[0]: apic_id 1, version 32, address 0xfec00000, GSI 0-23
[    0.000000] ACPI: INT_SRC_OVR (bus 0 bus_irq 0 global_irq 2 dfl dfl)
[    0.000000] ACPI: INT_SRC_OVR (bus 0 bus_irq 9 global_irq 9 low level)
[    0.000000] Using ACPI (MADT) for SMP configuration information
[    0.000000] smpboot: Allowing 1 CPUs, 0 hotplug CPUs
[    0.000000] PM: Registered nosave memory: [mem 0x00000000-0x00000fff]
[    0.000000] PM: Registered nosave memory: [mem 0x0009f000-0x0009ffff]
[    0.000000] PM: Registered nosave memory: [mem 0x000a0000-0x000effff]
[    0.000000] PM: Registered nosave memory: [mem 0x000f0000-0x000fffff]
[    0.000000] e820: [mem 0x80000000-0xfebfffff] available for PCI devices
[    0.000000] Booting paravirtualized kernel on KVM
[    0.000000] clocksource: refined-jiffies: mask: 0xffffffff max_cycles: 0xffffffff, max_idle_ns: 7645519600211568 ns
[    0.000000] setup_percpu: NR_CPUS:512 nr_cpumask_bits:512 nr_cpu_ids:1 nr_node_ids:1
[    0.000000] PERCPU: Embedded 33 pages/cpu @ffff88007fc00000 s95640 r8192 d31336 u2097152
[    0.000000] Built 1 zonelists in Node order, mobility grouping on.  Total pages: 515960
[    0.000000] Policy zone: DMA32
[    0.000000] Kernel command line: BOOT_IMAGE=/boot/vmlinuz-4.4.0-201-generic root=LABEL=cloudimg-rootfs ro console=tty1 console=ttyS0
[    0.000000] PID hash table entries: 4096 (order: 3, 32768 bytes)
[    0.000000] Memory: 2029988K/2096696K available (8641K kernel code, 1337K rwdata, 4044K rodata, 1492K init, 1296K bss, 66708K reserved, 0K cma-reserved)
[    0.000000] SLUB: HWalign=64, Order=0-3, MinObjects=0, CPUs=1, Nodes=1
[    0.000000] Kernel/User page tables isolation: enabled
[    0.000000] Hierarchical RCU implementation.
[    0.000000] 	Build-time adjustment of leaf fanout to 64.
[    0.000000] 	RCU restricting CPUs from NR_CPUS=512 to nr_cpu_ids=1.
[    0.000000] RCU: Adjusting geometry for rcu_fanout_leaf=64, nr_cpu_ids=1
[    0.000000] NR_IRQS:33024 nr_irqs:256 16
[    0.000000] Console: colour VGA+ 80x25
[    0.000000] console [tty1] enabled
[    0.000000] console [ttyS0] enabled
[    0.000000] tsc: Detected 1599.999 MHz processor
[    0.235240] Calibrating delay loop (skipped) preset value.. 3199.99 BogoMIPS (lpj=6399996)
[    0.238734] pid_max: default: 32768 minimum: 301
[    0.240506] ACPI: Core revision 20150930
[    0.242906] ACPI: 2 ACPI AML tables successfully acquired and loaded
[    0.245009] Security Framework initialized
[    0.246392] Yama: becoming mindful.
[    0.247601] AppArmor: AppArmor initialized
[    0.250616] Dentry cache hash table entries: 262144 (order: 9, 2097152 bytes)
[    0.253230] Inode-cache hash table entries: 131072 (order: 8, 1048576 bytes)
[    0.257732] Mount-cache hash table entries: 4096 (order: 3, 32768 bytes)
[    0.260087] Mountpoint-cache hash table entries: 4096 (order: 3, 32768 bytes)
[    0.262775] Initializing cgroup subsys io
[    0.264212] Initializing cgroup subsys memory
[    0.265766] Initializing cgroup subsys devices
[    0.267514] Initializing cgroup subsys freezer
[    0.269041] Initializing cgroup subsys net_cls
[    0.271074] Initializing cgroup subsys perf_event
[    0.272656] Initializing cgroup subsys net_prio
[    0.274261] Initializing cgroup subsys hugetlb
[    0.275819] Initializing cgroup subsys pids
[    0.286080] mce: CPU supports 0 MCE banks
[    0.288169] process: using mwait in idle threads
[    0.289803] Last level iTLB entries: 4KB 64, 2MB 8, 4MB 8
[    0.291769] Last level dTLB entries: 4KB 64, 2MB 0, 4MB 0, 1GB 4
[    0.293792] Spectre V1 : Mitigation: usercopy/swapgs barriers and __user pointer sanitization
[    0.296606] Spectre V2 : Mitigation: Full generic retpoline
[    0.298401] Spectre V2 : Spectre v2 / SpectreRSB mitigation: Filling RSB on context switch
[    0.301073] Speculative Store Bypass: Vulnerable
[    0.302723] SRBDS: Unknown: Dependent on hypervisor status
[    0.304987] MDS: Mitigation: Clear CPU buffers
[    0.336483] Freeing SMP alternatives memory: 36K
[    0.345699] ftrace: allocating 32361 entries in 127 pages
[    0.413137] smpboot: APIC(0) Converting physical 0 to logical package 0
[    0.415492] smpboot: Max logical packages: 1
[    0.417279] x2apic enabled
[    0.418718] Switched APIC routing to physical x2apic.
[    0.422185] ..TIMER: vector=0x30 apic1=0 pin1=2 apic2=-1 pin2=-1
[    0.532411] smpboot: CPU0: Intel(R) Core(TM) i5-5250U CPU @ 1.60GHz (family: 0x6, model: 0x3d, stepping: 0x4)
[    0.535895] Performance Events: unsupported p6 CPU model 61 no PMU driver, software events only.
[    0.558891] KVM setup paravirtual spinlock
[    0.561261] x86: Booted up 1 node, 1 CPUs
[    0.562770] smpboot: Total of 1 processors activated (3199.99 BogoMIPS)
[    0.567188] devtmpfs: initialized
[    0.572802] evm: security.selinux
[    0.574511] evm: security.SMACK64
[    0.576350] evm: security.SMACK64EXEC
[    0.578642] evm: security.SMACK64TRANSMUTE
[    0.581494] evm: security.SMACK64MMAP
[    0.584029] evm: security.ima
[    0.585836] evm: security.capability
[    0.589023] clocksource: jiffies: mask: 0xffffffff max_cycles: 0xffffffff, max_idle_ns: 7645041785100000 ns
[    0.595360] futex hash table entries: 256 (order: 2, 16384 bytes)
[    0.599003] pinctrl core: initialized pinctrl subsystem
[    0.603083] RTC time:  8:37:25, date: 03/03/21
[    0.606755] NET: Registered protocol family 16
[    0.610048] cpuidle: using governor ladder
[    0.613048] cpuidle: using governor menu
[    0.615526] PCCT header not found.
[    0.618168] ACPI: bus type PCI registered
[    0.620670] acpiphp: ACPI Hot Plug PCI Controller Driver version: 0.5
[    0.625650] PCI: Using configuration type 1 for base access
[    0.631817] ACPI: Added _OSI(Module Device)
[    0.635312] ACPI: Added _OSI(Processor Device)
[    0.638973] ACPI: Added _OSI(3.0 _SCP Extensions)
[    0.641547] ACPI: Added _OSI(Processor Aggregator Device)
[    0.647986] ACPI: Executed 1 blocks of module-level executable AML code
[    0.658349] ACPI: Interpreter enabled
[    0.660539] ACPI: (supports S0 S5)
[    0.662571] ACPI: Using IOAPIC for interrupt routing
[    0.665797] PCI: Using host bridge windows from ACPI; if necessary, use "pci=nocrs" and report a bug
[    0.681455] ACPI: PCI Root Bridge [PCI0] (domain 0000 [bus 00-ff])
[    0.683692] acpi PNP0A03:00: _OSC: OS supports [ASPM ClockPM Segments MSI]
[    0.686433] acpi PNP0A03:00: _OSC: not requesting OS control; OS requires [ExtendedConfig ASPM ClockPM MSI]
[    0.691537] acpi PNP0A03:00: fail to add MMCONFIG information, can't access extended PCI configuration space under this bridge.
[    0.696076] PCI host bridge to bus 0000:00
[    0.697540] pci_bus 0000:00: root bus resource [io  0x0000-0x0cf7 window]
[    0.699709] pci_bus 0000:00: root bus resource [io  0x0d00-0xffff window]
[    0.701940] pci_bus 0000:00: root bus resource [mem 0x000a0000-0x000bffff window]
[    0.705415] pci_bus 0000:00: root bus resource [mem 0x80000000-0xfdffffff window]
[    0.708001] pci_bus 0000:00: root bus resource [bus 00-ff]
[    0.713373] pci 0000:00:01.1: legacy IDE quirk: reg 0x10: [io  0x01f0-0x01f7]
[    0.715830] pci 0000:00:01.1: legacy IDE quirk: reg 0x14: [io  0x03f6]
[    0.718142] pci 0000:00:01.1: legacy IDE quirk: reg 0x18: [io  0x0170-0x0177]
[    0.720547] pci 0000:00:01.1: legacy IDE quirk: reg 0x1c: [io  0x0376]
[    0.767569] pci 0000:00:07.0: quirk: [io  0x4000-0x403f] claimed by PIIX4 ACPI
[    0.770665] pci 0000:00:07.0: quirk: [io  0x4100-0x410f] claimed by PIIX4 SMB
[    0.796683] ACPI: PCI Interrupt Link [LNKA] (IRQs 5 9 10 *11)
[    0.800074] ACPI: PCI Interrupt Link [LNKB] (IRQs 5 9 *10 11)
[    0.802727] ACPI: PCI Interrupt Link [LNKC] (IRQs 5 *9 10 11)
[    0.806915] ACPI: PCI Interrupt Link [LNKD] (IRQs 5 9 10 *11)
[    0.809762] ACPI: Enabled 2 GPEs in block 00 to 07
[    0.811889] vgaarb: setting as boot device: PCI:0000:00:02.0
[    0.813674] vgaarb: device added: PCI:0000:00:02.0,decodes=io+mem,owns=io+mem,locks=none
[    0.816347] vgaarb: loaded
[    0.817343] vgaarb: bridge control possible 0000:00:02.0
[    0.819434] SCSI subsystem initialized
[    0.823394] ACPI: bus type USB registered
[    0.824980] usbcore: registered new interface driver usbfs
[    0.826995] usbcore: registered new interface driver hub
[    0.828742] usbcore: registered new device driver usb
[    0.830540] PCI: Using ACPI for IRQ routing
[    0.832493] NetLabel: Initializing
[    0.833803] NetLabel:  domain hash size = 128
[    0.835345] NetLabel:  protocols = UNLABELED CIPSOv4
[    0.837727] NetLabel:  unlabeled traffic allowed by default
[    0.839841] amd_nb: Cannot enumerate AMD northbridges
[    0.841734] clocksource: Switched to clocksource kvm-clock
[    0.851562] AppArmor: AppArmor Filesystem Enabled
[    0.854098] pnp: PnP ACPI init
[    0.857017] pnp: PnP ACPI: found 3 devices
[    0.864298] clocksource: acpi_pm: mask: 0xffffff max_cycles: 0xffffff, max_idle_ns: 2085701024 ns
[    0.867421] NET: Registered protocol family 2
[    0.869209] TCP established hash table entries: 16384 (order: 5, 131072 bytes)
[    0.872467] TCP bind hash table entries: 16384 (order: 6, 262144 bytes)
[    0.876235] TCP: Hash tables configured (established 16384 bind 16384)
[    0.878574] UDP hash table entries: 1024 (order: 3, 32768 bytes)
[    0.880683] UDP-Lite hash table entries: 1024 (order: 3, 32768 bytes)
[    0.883306] NET: Registered protocol family 1
[    0.884771] pci 0000:00:00.0: Limiting direct PCI/PCI transfers
[    0.886706] pci 0000:00:01.0: Activating ISA DMA hang workarounds
[    0.889484] Unpacking initramfs...
[    1.151128] Freeing initrd memory: 14880K
[    1.152809] RAPL PMU detected, API unit is 2^-32 Joules, 4 fixed counters 10737418240 ms ovfl timer
[    1.156826] hw unit of domain pp0-core 2^-0 Joules
[    1.158745] hw unit of domain package 2^-0 Joules
[    1.160573] hw unit of domain dram 2^-0 Joules
[    1.162068] hw unit of domain pp1-gpu 2^-0 Joules
[    1.163967] clocksource: tsc: mask: 0xffffffffffffffff max_cycles: 0x171023f09ff, max_idle_ns: 440795233615 ns
[    1.167378] platform rtc_cmos: registered platform RTC device (no PNP device found)
[    1.169942] Scanning for low memory corruption every 60 seconds
[    1.172693] audit: initializing netlink subsys (disabled)
[    1.174770] audit: type=2000 audit(1614760652.342:1): initialized
[    1.176965] Initialise system trusted keyring
[    1.178710] HugeTLB registered 2 MB page size, pre-allocated 0 pages
[    1.181990] zbud: loaded
[    1.183294] VFS: Disk quotas dquot_6.6.0
[    1.184656] VFS: Dquot-cache hash table entries: 512 (order 0, 4096 bytes)
[    1.187899] squashfs: version 4.0 (2009/01/31) Phillip Lougher
[    1.190165] fuse init (API version 7.23)
[    1.191875] Key type big_key registered
[    1.193372] Allocating IMA MOK and blacklist keyrings.
[    1.195278] Key type asymmetric registered
[    1.196664] Asymmetric key parser 'x509' registered
[    1.198326] Block layer SCSI generic (bsg) driver version 0.4 loaded (major 249)
[    1.200809] io scheduler noop registered
[    1.202369] io scheduler deadline registered (default)
[    1.204462] io scheduler cfq registered
[    1.206020] pci_hotplug: PCI Hot Plug PCI Core version: 0.5
[    1.208158] pciehp: PCI Express Hot Plug Controller Driver version: 0.4
[    1.210734] ACPI: AC Adapter [AC] (on-line)
[    1.212217] input: Power Button as /devices/LNXSYSTM:00/LNXPWRBN:00/input/input0
[    1.214739] ACPI: Power Button [PWRF]
[    1.216105] input: Sleep Button as /devices/LNXSYSTM:00/LNXSLPBN:00/input/input1
[    1.218594] ACPI: Sleep Button [SLPF]
[    1.221912] GHES: HEST is not enabled!
[    1.223686] ACPI: Battery Slot [BAT0] (battery present)
[    1.226090] Serial: 8250/16550 driver, 32 ports, IRQ sharing enabled
[    1.249007] 00:02: ttyS0 at I/O 0x3f8 (irq = 4, base_baud = 115200) is a 16550A
[    1.253001] Linux agpgart interface v0.103
[    1.257498] loop: module loaded
[    1.259396] scsi host0: ata_piix
[    1.260774] scsi host1: ata_piix
[    1.262060] ata1: PATA max UDMA/33 cmd 0x1f0 ctl 0x3f6 bmdma 0xd000 irq 14
[    1.264466] ata2: PATA max UDMA/33 cmd 0x170 ctl 0x376 bmdma 0xd008 irq 15
[    1.267290] libphy: Fixed MDIO Bus: probed
[    1.268665] tun: Universal TUN/TAP device driver, 1.6
[    1.270459] tun: (C) 1999-2004 Max Krasnyansky <maxk@qualcomm.com>
[    1.272989] PPP generic driver version 2.4.2
[    1.274773] ehci_hcd: USB 2.0 'Enhanced' Host Controller (EHCI) Driver
[    1.276802] ehci-pci: EHCI PCI platform driver
[    1.278323] ehci-platform: EHCI generic platform driver
[    1.279997] ohci_hcd: USB 1.1 'Open' Host Controller (OHCI) Driver
[    1.281925] ohci-pci: OHCI PCI platform driver
[    1.283721] ohci-platform: OHCI generic platform driver
[    1.285580] uhci_hcd: USB Universal Host Controller Interface driver
[    1.288521] i8042: PNP: PS/2 Controller [PNP0303:PS2K,PNP0f03:PS2M] at 0x60,0x64 irq 1,12
[    1.291732] serio: i8042 KBD port at 0x60,0x64 irq 1
[    1.293336] serio: i8042 AUX port at 0x60,0x64 irq 12
[    1.295108] mousedev: PS/2 mouse device common for all mice
[    1.297144] input: AT Translated Set 2 keyboard as /devices/platform/i8042/serio0/input/input2
[    1.300471] rtc_cmos rtc_cmos: rtc core: registered rtc_cmos as rtc0
[    1.302551] rtc_cmos rtc_cmos: alarms up to one day, 114 bytes nvram
[    1.305036] i2c /dev entries driver
[    1.306357] device-mapper: uevent: version 1.0.3
[    1.307933] device-mapper: ioctl: 4.34.0-ioctl (2015-10-28) initialised: dm-devel@redhat.com
[    1.310732] ledtrig-cpu: registered to indicate activity on CPUs
[    1.312926] NET: Registered protocol family 10
[    1.314617] NET: Registered protocol family 17
[    1.316102] Key type dns_resolver registered
[    1.317742] registered taskstats version 1
[    1.319236] Loading compiled-in X.509 certificates
[    1.321644] Loaded X.509 cert 'Build time autogenerated kernel key: 9e5e2330314f2a00b0409bdb338e201244d5149f'
[    1.324933] zswap: loaded using pool lzo/zbud
[    1.328041] Key type trusted registered
[    1.332473] Key type encrypted registered
[    1.334017] AppArmor: AppArmor sha1 policy hashing enabled
[    1.335935] ima: No TPM chip found, activating TPM-bypass!
[    1.338491] ima: Allocated hash algorithm: sha1
[    1.340170] evm: HMAC attrs: 0x1
[    1.341980]   Magic number: 13:632:623
[    1.343494] rtc_cmos rtc_cmos: setting system clock to 2021-03-03 08:37:26 UTC (1614760646)
[    1.346333] BIOS EDD facility v0.16 2004-Jun-25, 0 devices found
[    1.348203] EDD information not available.
[    1.446086] Freeing unused kernel memory: 1492K
[    1.447792] Write protecting the kernel read-only data: 14336k
[    1.450206] Freeing unused kernel memory: 1588K
[    1.451999] Freeing unused kernel memory: 52K
Loading, please wait...
starting version 229
[    1.467252] random: udevadm: uninitialized urandom read (16 bytes read, 3 bits of entropy available)
[    1.472236] random: systemd-udevd: uninitialized urandom read (16 bytes read, 3 bits of entropy available)
[    1.476706] random: systemd-udevd: uninitialized urandom read (16 bytes read, 3 bits of entropy available)
[    1.480562] random: udevadm: uninitialized urandom read (16 bytes read, 3 bits of entropy available)
[    1.484416] random: systemd-udevd: uninitialized urandom read (16 bytes read, 3 bits of entropy available)
[    1.492029] random: systemd-udevd: uninitialized urandom read (16 bytes read, 3 bits of entropy available)
[    1.499373] random: systemd-udevd: uninitialized urandom read (16 bytes read, 3 bits of entropy available)
[    1.504806] random: udevadm: uninitialized urandom read (16 bytes read, 3 bits of entropy available)
[    1.508249] random: systemd-udevd: uninitialized urandom read (16 bytes read, 3 bits of entropy available)
[    1.511428] random: udevadm: uninitialized urandom read (16 bytes read, 3 bits of entropy available)
[    1.589582] e1000: Intel(R) PRO/1000 Network Driver - version 7.3.21-k8-NAPI
[    1.592049] e1000: Copyright (c) 1999-2006 Intel Corporation.
[    1.600928] Fusion MPT base driver 3.04.20
[    1.602541] Copyright (c) 1999-2008 LSI Corporation
[    1.626151] Fusion MPT SPI Host driver 3.04.20
[    1.664830] AVX2 version of gcm_enc/dec engaged.
[    1.666593] AES CTR mode by8 optimization enabled
[    1.820628] input: ImExPS/2 Generic Explorer Mouse as /devices/platform/i8042/serio1/input/input4
[    2.131659] e1000 0000:00:03.0 eth0: (PCI:33MHz:32-bit) 02:d9:59:5c:1c:7b
[    2.134044] e1000 0000:00:03.0 eth0: Intel(R) PRO/1000 Network Connection
[    2.137092] mptbase: ioc0: Initiating bringup
[    2.202535] ioc0: LSI53C1030 A0: Capabilities={Initiator}
[    2.370532] scsi host2: ioc0: LSI53C1030 A0, FwRev=00000000h, Ports=1, MaxQ=256, IRQ=20
[    2.484776] scsi 2:0:0:0: Direct-Access     VBOX     HARDDISK         1.0  PQ: 0 ANSI: 5
[    2.488363] scsi target2:0:0: Beginning Domain Validation
[    2.493024] scsi target2:0:0: Domain Validation skipping write tests
[    2.495155] scsi target2:0:0: Ending Domain Validation
[    2.496878] scsi target2:0:0: asynchronous
[    2.510052] scsi 2:0:1:0: Direct-Access     VBOX     HARDDISK         1.0  PQ: 0 ANSI: 5
[    2.513025] scsi target2:0:1: Beginning Domain Validation
[    2.515882] scsi target2:0:1: Domain Validation skipping write tests
[    2.517841] scsi target2:0:1: Ending Domain Validation
[    2.529986] scsi target2:0:1: asynchronous
[    2.669271] sd 2:0:0:0: Attached scsi generic sg0 type 0
[    2.672081] sd 2:0:0:0: [sda] 83886080 512-byte logical blocks: (42.9 GB/40.0 GiB)
[    2.675241] sd 2:0:1:0: [sdb] 20480 512-byte logical blocks: (10.5 MB/10.0 MiB)
[    2.678021] sd 2:0:0:0: [sda] Write Protect is off
[    2.680287] sd 2:0:1:0: Attached scsi generic sg1 type 0
[    2.682036] sd 2:0:1:0: [sdb] Write Protect is off
[    2.690138] sd 2:0:0:0: [sda] Incomplete mode parameter data
[    2.692284] sd 2:0:0:0: [sda] Assuming drive cache: write through
[    2.694364] sd 2:0:1:0: [sdb] Incomplete mode parameter data
[    2.696242] sd 2:0:1:0: [sdb] Assuming drive cache: write through
[    2.710858]  sda: sda1
[    2.712729] sd 2:0:0:0: [sda] Attached SCSI disk
[    2.714504] sd 2:0:1:0: [sdb] Attached SCSI disk
[    3.008733] e1000 0000:00:08.0 eth1: (PCI:33MHz:32-bit) 08:00:27:03:b0:94
[    3.011119] e1000 0000:00:08.0 eth1: Intel(R) PRO/1000 Network Connection
[    3.014886] e1000 0000:00:08.0 enp0s8: renamed from eth1
[    3.018886] e1000 0000:00:03.0 enp0s3: renamed from eth0
Begin: Loading essential drivers ... [    4.437452] md: linear personality registered for level -1
[    4.443043] md: multipath personality registered for level -4
[    4.449820] md: raid0 personality registered for level 0
[    4.456762] md: raid1 personality registered for level 1
[    4.532773] raid6: sse2x1   gen()  7651 MB/s
[    4.611835] raid6: sse2x1   xor()  6406 MB/s
[    4.681787] raid6: sse2x2   gen()  9453 MB/s
[    4.753788] raid6: sse2x2   xor()  5696 MB/s
[    4.832273] raid6: sse2x4   gen() 13306 MB/s
[    4.912312] raid6: sse2x4   xor()  9164 MB/s
[    4.982312] raid6: avx2x1   gen() 15803 MB/s
[    5.052512] raid6: avx2x2   gen() 19293 MB/s
[    5.125873] raid6: avx2x4   gen() 20580 MB/s
[    5.127475] raid6: using algorithm avx2x4 gen() 20580 MB/s
[    5.129279] raid6: using avx2x2 recovery algorithm
[    5.133198] xor: automatically using best checksumming function:
[    5.182320]    avx       : 34083.000 MB/sec
[    5.186131] async_tx: api initialized (async)
[    5.219215] md: raid6 personality registered for level 6
[    5.223052] md: raid5 personality registered for level 5
[    5.226177] md: raid4 personality registered for level 4
[    5.244263] md: raid10 personality registered for level 10
done.
Begin: Running /scripts/init-premount ... done.
Begin: Mounting root file system ... Begin: Running /scripts/local-top ... done.
Begin: Running /scripts/local-premount ... [    5.316162] Btrfs loaded
Scanning for Btrfs filesystems
done.
Warning: fsck not present, so skipping root file system
[    5.361858] EXT4-fs (sda1): mounted filesystem with ordered data mode. Opts: (null)
done.
Begin: Running /scripts/local-bottom ... done.
Begin: Running /scripts/init-bottom ... done.
[    5.495222] systemd[1]: systemd 229 running in system mode. (+PAM +AUDIT +SELINUX +IMA +APPARMOR +SMACK +SYSVINIT +UTMP +LIBCRYPTSETUP +GCRYPT +GNUTLS +ACL +XZ -LZ4 +SECCOMP +BLKID +ELFUTILS +KMOD -IDN)
[    5.501297] systemd[1]: Detected virtualization oracle.
[    5.503164] systemd[1]: Detected architecture x86-64.

Welcome to [1mUbuntu 16.04.7 LTS[0m!

[    5.510037] systemd[1]: Set hostname to <ubuntu>.
[    5.516302] systemd[1]: Initializing machine ID from random generator.
[    5.518437] systemd[1]: Installed transient /etc/machine-id file.
[    5.742951] systemd[1]: Listening on Device-mapper event daemon FIFOs.
[[0;32m  OK  [0m] Listening on Device-mapper event daemon FIFOs.
[    5.747437] systemd[1]: Listening on Journal Audit Socket.
[[0;32m  OK  [0m] Listening on Journal Audit Socket.
[    5.750933] systemd[1]: Reached target Swap.
[[0;32m  OK  [0m] Reached target Swap.
[    5.762853] systemd[1]: Listening on Journal Socket (/dev/log).
[[0;32m  OK  [0m] Listening on Journal Socket (/dev/log).
[    5.767571] systemd[1]: Listening on Journal Socket.
[[0;32m  OK  [0m] Listening on Journal Socket.
[    5.771768] systemd[1]: Started Forward Password Requests to Wall Directory Watch.
[[0;32m  OK  [0m] Started Forward Password Requests to Wall Directory Watch.
[    5.776944] systemd[1]: Created slice System Slice.
[[0;32m  OK  [0m] Created slice System Slice.
[    5.781340] systemd[1]: Mounting Debug File System...
         Mounting Debug File System...
[    5.786595] systemd[1]: Created slice system-serial\x2dgetty.slice.
[[0;32m  OK  [0m] Created slice system-serial\x2dgetty.slice.
[    5.793849] systemd[1]: Starting Set console keymap...
         Starting Set console keymap...
[    5.799640] systemd[1]: Starting Nameserver information manager...
         Starting Nameserver information manager...
[    5.807242] systemd[1]: Reached target User and Group Name Lookups.
[[0;32m  OK  [0m] Reached target User and Group Name Lookups.
[    5.818972] systemd[1]: Created slice User and Session Slice.
[[0;32m  OK  [0m] Created slice User and Session Slice.
[    5.827239] systemd[1]: Listening on /dev/initctl Compatibility Named Pipe.
[[0;32m  OK  [0m] Listening on /dev/initctl Compatibility Named Pipe.
[    5.838371] systemd[1]: Set up automount Arbitrary Executable File Formats File System Automount Point.
[[0;32m  OK  [0m] Set up automount Arbitrary Executab...ats File System Automount Point.
[    5.848314] systemd[1]: Listening on udev Control Socket.
[[0;32m  OK  [0m] Listening on udev Control Socket.
[    5.854096] systemd[1]: Reached target Encrypted Volumes.
[[0;32m  OK  [0m] Reached target Encrypted Volumes.
[    5.858609] systemd[1]: Mounting Huge Pages File System...
         Mounting Huge Pages File System...
[    5.869407] systemd[1]: Mounting POSIX Message Queue File System...
         Mounting POSIX Message Queue File System...
[    5.876906] systemd[1]: Listening on LVM2 metadata daemon socket.
[[0;32m  OK  [0m] Listening on LVM2 metadata daemon socket.
[    5.883367] systemd[1]: Starting Monitoring of LVM2 mirrors, snapshots etc. using dmeventd or progress polling...
         Starting Monitoring of LVM2 mirrors... dmeventd or progress polling...
[    5.898889] systemd[1]: Starting Uncomplicated firewall...
         Starting Uncomplicated firewall...
[    5.905954] systemd[1]: Started Trigger resolvconf update for networkd DNS.
[[0;32m  OK  [0m] Started Trigger resolvconf update for networkd DNS.
[    5.917439] systemd[1]: Listening on udev Kernel Socket.
[[0;32m  OK  [0m] Listening on udev Kernel Socket.
[    5.921811] systemd[1]: Listening on Syslog Socket.
[[0;32m  OK  [0m] Listening on Syslog Socket.
[    5.926605] systemd[1]: Starting Journal Service...
         Starting Journal Service...
[    5.930648] systemd[1]: Reached target System Time Synchronized.
[[0;32m  OK  [0m] Reached target System Time Synchronized.
[    5.938746] systemd[1]: Listening on LVM2 poll daemon socket.
[[0;32m  OK  [0m] Listening on LVM2 poll daemon socket.
[    5.946966] systemd[1]: Reached target Slices.
[[0;32m  OK  [0m] Reached target Slices.
[    5.962099] systemd[1]: Starting Load Kernel Modules...
         Starting Load Kernel Modules...
[    5.974770] systemd[1]: Starting Create list of required static device nodes for the current kernel...
         Starting Create list of required st... nodes for the current kernel...
[    5.990108] systemd[1]: Starting Remount Root and Kernel File Systems...
         [    5.996800] random: nonblocking pool is initialized
Starting Remount Root and Kernel File Systems...
[    6.005295] systemd[1]: Mounted Huge Pages File System.
[[0;32m  OK  [0m] Mounted Huge Pages File System.
[    6.010654] systemd[1]: Mounted Debug File System.
[[0;32m  OK  [0m] Mounted Debug File System.
[    6.019244] systemd[1]: Mounted POSIX Message Queue File System.
[[0;32m  OK  [0m] Mounted POSIX Message Queue File System.
[    6.027773] EXT4-fs (sda1): re-mounted. Opts: (null)
[    6.032078] systemd[1]: Started Journal Service.
[[0;32m  OK  [0m] Started Journal Service.
[    6.040902] Loading iSCSI transport class v2.0-870.
[[0;32m  OK  [0m] Started Set console keymap.
[[0;32m  OK  [0m] Started Uncomplicated firewall.
[[0;32m  OK  [0m] Started Create list of required sta...ce nodes for the current kernel.
[    6.062721] iscsi: registered transport (tcp)
[[0;32m  OK  [0m] Started Remount Root and Kernel File Systems.
[[0;32m  OK  [0m] Started Nameserver information manager.
[[0;32m  OK  [0m] Started LVM2 metadata daemon.
         Starting udev Coldplug all Devices...
         Starting Load/Save Random Seed...
         Starting Create Static Device Nodes in /dev...
         Starting Flush Journal to Persistent Storage...
[[0;32m  OK  [0m] Started Load/Save Random Seed.
[    6.132892] systemd-journald[386]: Received request to flush runtime journal from PID 1
[[0;32m  OK  [0m] Started Flush Journal to Persistent Storage.
[[0;32m  OK  [0m] Started Create Static Device Nodes in /dev.
         Starting udev Kernel Device Manager...
[[0;32m  OK  [0m] Started Monitoring of LVM2 mirrors,...ng dmeventd or progress polling.
[[0;32m  OK  [0m] Reached target Local File Systems (Pre).
[[0;32m  OK  [0m] Reached target Local File Systems.
         Starting Tell Plymouth To Write Out Runtime Data...
         Starting LSB: AppArmor initialization...
         Starting Set console font and keymap...
         Starting Commit a transient machine-id on disk...
         Starting Initial cloud-init job (pre-networking)...
         Starting Create Volatile Files and Directories...
[[0;32m  OK  [0m] Started udev Kernel Device Manager.
[[0;32m  OK  [0m] Started Tell Plymouth To Write Out Runtime Data.
[[0;32m  OK  [0m] Started Commit a transient machine-id on disk.
[    6.308114] iscsi: registered transport (iser)
[[0;32m  OK  [0m] Started Create Volatile Files and Directories.
         Starting Update UTMP about System Boot/Shutdown...
[[0;32m  OK  [0m] Started Load Kernel Modules.
         Starting Apply Kernel Variables...
         Mounting FUSE Control File System...
[[0;32m  OK  [0m] Started Update UTMP about System Boot/Shutdown.
[[0;32m  OK  [0m] Mounted FUSE Control File System.
[[0;32m  OK  [0m] Started Apply Kernel Variables.
[[0;32m  OK  [0m] Started udev Coldplug all Devices.
[[0;32m  OK  [0m] Started Dispatch Password Requests to Console Directory Watch.
[[0;32m  OK  [0m] Started Set console font and keymap.
[[0;32m  OK  [0m] Created slice system-getty.slice.
[[0;32m  OK  [0m] Found device /dev/ttyS0.
[[0;32m  OK  [0m] Listening on Load/Save RF Kill Switch Status /dev/rfkill Watch.
[    8.998445] cloud-init[458]: Cloud-init v. 20.4.1-0ubuntu1~16.04.1 running 'init-local' at Wed, 03 Mar 2021 08:37:33 +0000. Up 8.19 seconds.
[[0;32m  OK  [0m] Started Initial cloud-init job (pre-networking).
[[0;32m  OK  [0m] Reached target Network (Pre).
[[0;32m  OK  [0m] Started LSB: AppArmor initialization.
         Starting Raise network interfaces...
         Starting Load AppArmor profiles managed internally by snapd...
[[0;32m  OK  [0m] Started Load AppArmor profiles managed internally by snapd.
[[0;32m  OK  [0m] Started Raise network interfaces.
[[0;32m  OK  [0m] Reached target Network.
         Starting Initial cloud-init job (metadata service crawler)...
[   10.968799] cloud-init[956]: Cloud-init v. 20.4.1-0ubuntu1~16.04.1 running 'init' at Wed, 03 Mar 2021 08:37:35 +0000. Up 10.32 seconds.
[   10.972778] cloud-init[956]: ci-info: ++++++++++++++++++++++++++++++++++++++Net device info+++++++++++++++++++++++++++++++++++++++
[   10.980508] cloud-init[956]: ci-info: +--------+-------+----------------------------+---------------+--------+-------------------+
[   10.989292] cloud-init[956]: ci-info: | Device |   Up  |          Address           |      Mask     | Scope  |     Hw-Address    |
[   10.991871] cloud-init[956]: ci-info: +--------+-------+----------------------------+---------------+--------+-------------------+
[   11.003352] cloud-init[956]: ci-info: | enp0s3 |  True |         10.0.2.15          | 255.255.255.0 | global | 02:d9:59:5c:1c:7b |
[   11.006431] cloud-init[956]: ci-info: | enp0s3 |  True | fe80::d9:59ff:fe5c:1c7b/64 |       .       |  link  | 02:d9:59:5c:1c:7b |
[   11.012461] cloud-init[956]: ci-info: | enp0s8 | False |             .              |       .       |   .    | 08:00:27:03:b0:94 |
[   11.016363] cloud-init[956]: ci-info: |   lo   |  True |         127.0.0.1          |   255.0.0.0   |  host  |         .         |
[   11.024308] cloud-init[956]: ci-info: |   lo   |  True |          ::1/128           |       .       |  host  |         .         |
[   11.028284] cloud-init[956]: ci-info: +--------+-------+----------------------------+---------------+--------+-------------------+
[   11.032505] cloud-init[956]: ci-info: +++++++++++++++++++++++++++Route IPv4 info++++++++++++++++++++++++++++
[   11.040362] cloud-init[956]: ci-info: +-------+-------------+----------+---------------+-----------+-------+
[   11.044237] cloud-init[956]: ci-info: | Route | Destination | Gateway  |    Genmask    | Interface | Flags |
[   11.052509] cloud-init[956]: ci-info: +-------+-------------+----------+---------------+-----------+-------+
[   11.056315] cloud-init[956]: ci-info: |   0   |   0.0.0.0   | 10.0.2.2 |    0.0.0.0    |   enp0s3  |   UG  |
[   11.064568] cloud-init[956]: ci-info: |   1   |   10.0.2.0  | 0.0.0.0  | 255.255.255.0 |   enp0s3  |   U   |
[   11.068251] cloud-init[956]: ci-info: +-------+-------------+----------+---------------+-----------+-------+
[   11.074993] cloud-init[956]: ci-info: +++++++++++++++++++Route IPv6 info+++++++++++++++++++
[   11.088791] cloud-init[956]: ci-info: +-------+-------------+---------+-----------+-------+
[[0;32m  OK  [0m] Started Initial cloud-init job (metadata service crawler).
[[0;32m  OK  [0m] Reached target Cloud-config availability.
[[0;32m  OK  [0m[   11.095150] cloud-init[956]: ci-info: | Route | Destination | Gateway | Interface | Flags |
[   11.098623] cloud-init[956]: ci-info: +-------+-------------+---------+-----------+-------+] Reached target Network is Online.
         Starting iSCSI initiator daemon (iscsid)...
[[0;32m  OK  [0m] Reached target System Initialization.
[[0;32m  OK  [0m] Listening on ACPID Listen Socket.

[   11.109633] [[0;32m  OK  [0m] Started ACPI Events Check.
[[0;32m  OK  [0m] Reached target Paths.
         Starting Socket activation for snappy daemon.cloud-init[956]: ci-info: |   0   |  fe80::/64  |    ::   |   enp0s3  |   U   |
[[0;32m  OK  [0m] Listening on UUID daemon activation socket.
[[0;32m  OK  [0m] Started Daily Cleanup of Temporary Directories.

[   11.126127] cloud-init[956]: ci-info: |   3   |   ff00::/8  |    ::   |   enp0s3  |   U   |
[   11.130045] cloud-init[956]: ci-info: +-------+-------------+---------+-----------+-------+         Starting LXD - unix socket.
[[0;32m  OK  [0m] Started Message of the Day.
[[0;32m  OK  [0m
[   11.136716] cloud-init[956]: Generating public/private rsa key pair.
[   11.138793] cloud-init[956]: Your identification has been saved in /etc/ssh/ssh_host_rsa_key.] Listening on D-Bus System Message Bus Socket.
[[0;32m  OK  [0m] Started Daily apt download activities.
[[0;32m  OK  [0m] Started Daily apt upgrade and clean activities.
[[0;32m  OK  [0m] Reached target Timers.

[   11.147389] cloud-init[956]: Your public key has been saved in /etc/ssh/ssh_host_rsa_key.pub.
[[0;32m  OK  [0m] [   11.152212] cloud-init[956]: The key fingerprint is:
[   11.153767] cloud-init[956]: SHA256:xt/R+0I1wN9cuq6tmEt2PNNgrPq6ZTcDCpHXzbtNWP4 root@ubuntu-xenial
[   11.156047] Listening on Socket activation for snappy daemon.
[[0;32m  OK  [0m] Listening on LXD - unix socket.
[[0;32m  OK  [0m] Reached target Sockets.cloud-init[956]: The key's randomart image is:
[   11.161362] cloud-init[956]: +---[RSA 2048]----+
[   11.163452] cloud-init[956]: |            .    |
[   11.163683] cloud-init[956]: |       . . o o  .|
[   11.163761] cloud-init[956]: |      o . . o +oo|
[   11.163838] cloud-init[956]: |       +   . *.o+|
[   11.163912] cloud-init[956]: |      . S . B +o.|

[[0;32m  OK  [0m] Reached target Basic System.
[[0;32m  OK  [0m[   11.172629] cloud-init[956]: |       o o * Boo |] Started Deferred execution scheduler.

[[0;32m  OK  [0m] Started D-Bus System Message Bus.
[   11.195416] cloud-init[956]: |        . B @o+ E|
[   11.203105] cloud-init[956]: |         * = *o. |
[   11.206978] cloud-init[956]: |        ++=.oo...|
[   11.210292] cloud-init[956]: +----[SHA256]-----+
[   11.214279] cloud-init[956]: Generating public/private dsa key pair.
[   11.217211] cloud-init[956]: Your identification has been saved in /etc/ssh/ssh_host_dsa_key.
[   11.221214] cloud-init[956]:          Starting LSB: Record successful boot for GRUB...
         Starting Virtualbox guest utils...Your public key has been saved in /etc/ssh/ssh_host_dsa_key.pub.
[   11.229922] cloud-init[956]: The key fingerprint is:
[   11.230107] cloud-init[956]: SHA256:g9vt/rvSmmA7SoEENq/hRD2Sa9mzL2RKRgp4Bx5yIV4 root@ubuntu-xenial
[   11.230172] cloud-init[956]: The key's randomart image is:
[   11.230230] cloud-init[956]: +---[DSA 1024]----+

[[0;32m  OK  [0m] Started FUSE filesystem for LXC.
         Starting Pollinate to seed the pseudo random number generator...
         Starting LSB: MD monitoring daemon...
         Starting LXD - container startup/shutdown...
         Starting Login Service...
         Starting Accounts Service...
         Starting Snap Daemon...
[[0;32m  OK  [0m] Started ACPI event daemon.
         Starting System Logging Service...
         Starting /etc/rc.local Compatibility...
[[0;32m  OK  [0m] Started Regular background program processing daemon.
[[0;32m  OK  [0m] Started iSCSI initiator daemon (iscsid).
[[0;32m  OK  [0m] Started /etc/rc.local Compatibility.
         Starting Login to default iSCSI targets...
[   11.355710] cloud-init[956]: |. *E             |
[[0;32m  OK  [0m] Started Login Service.
[[0;32m  OK  [0m] Started Unattended Upgrades Shutdown.
[   11.416348] cloud-init[956]: |o+B+o            |
[[0;32m  OK  [0m] Started Login to default iSCSI targets.
[[0;32m  OK  [0m] Reached target Remote File Systems (Pre).
[[0;32m  OK  [0m] Reached target Remote File Systems.
[   11.445353] cloud-init[956]: |.=oBo.           |
[   11.472711] cloud-init[956]: |ooB++. .         |
[   11.475473] cloud-init         Starting Permit User Sessions...
         Starting LSB: automatic crash report generation...
         Starting LSB: daemon to balance interrupts for SMP systems...
         Starting LSB: Set the CPU Frequency Scaling governor to "ondemand"...
[[0;32m  OK  [0m] Started System Logging Service.
[[0;32m  OK  [0m] Started Permit User Sessions.
         Starting Hold until boot process finishes up...
         Starting Terminate Plymouth Boot Screen...
[[0;32m  OK  [0m] Started Hold until boot process finishes up.
[[0;32m  OK  [0m] Started Serial Getty on ttyS0.
[[0;32m  OK  [0m] Started Getty on tty1.
[[0;32m  OK  [0m] Reached target Login Prompts.
         Starting Set console scheme...
[[0;32m  OK  [0m] Started Terminate Plymouth Boot Screen.
[[0;32m  OK  [0m] Started Set console scheme.
[956]: |.=o..oo S        |[[0;32m  OK  [0m] Started LSB: MD monitoring daemon.

[[0;32m  OK  [0m] Started LSB: Record successful boot for GRUB.[   11.703590] 
cloud-init[956]: |. o +  + o       |
[[0;32m  OK  [0m] Started LSB: Set the CPU Frequency Scaling governor to "ondemand".
[   11.737785] cloud-init[956]: | o + .o + ..     |
[   11.770439] cloud-init[956]: |  . .....+...    |
[   11.792577] cloud-init[956]: |     ....o=++o   |
[   11.819852] cloud-init[956]: +----[SHA256]-----+
[   11.833013] cloud-init[956]: Generating public/private ecdsa key pair.
[   11.839076] cloud-init[956]: Your identification has been saved in /etc/ssh/ssh_host_ecdsa_key.
[   11.883411] cloud-init[956]: Your public key has been saved in /etc/ssh/ssh_host_ecdsa_key.pub.
[   11.942742] cloud-init[956]: The key fingerprint is:
[   11.966965] [[0;32m  OK  [0m] Started LSB: automatic crash report generation.
cloud-init[956]: SHA256:9v6NIOOhCA+IKiOSS5qMFFGcb2w9cpRkQPQ9+fiICMI root@ubuntu-xenial
[   11.988717] cloud-init[956]: The key's randomart image is:
[   12.033829] cloud-init[956]: +---[ECDSA 256]---+
[   12.089076] cloud-init[956]:          Starting Authenticate and Authorize Users to Run Privileged Tasks...
|  ..++oo.        |[[0;32m  OK  [0m] Started LSB: daemon to balance interrupts for SMP systems.

[   12.158722] cloud-init[956]: |  .o  oo. .      |
[[0;32m  OK  [0m] Started LXD - container startup/shutdown.
[   12.182058] cloud-init[956]: | .  o o. +       |
[   12.201963] cloud-init[956]: |. .  * +  +      |
[   12.212561] cloud-init[956]: | E .o o S. .     |
[   12.233585] cloud-init[956]: |..o . ....o      |[[0;32m  OK  [0m] Started Authenticate and Authorize Users to Run Privileged Tasks.
[[0;32m  OK  [0m] Started Accounts Service.

[   12.274918] cloud-init[956]: |o+o  . .+.o.     |
[   12.294239] cloud-init[956]: |&. + . o = . o   |
[   12.308581] cloud-init[956]: |X+  o . . ..o .  |
[   12.329354] cloud-init[956]: +----[SHA256]-----+
[[0;32m  OK  [0m] Started Virtualbox guest utils.
[   12.342193] cloud-init[956]: Generating public/private ed25519 key pair.
[   12.348421] cloud-init[956]: Your identification has been saved in /etc/ssh/ssh_host_ed25519_key.
[   12.360820] cloud-init[956]: Your public key has been saved in /etc/ssh/ssh_host_ed25519_key.pub.
[   12.382210] cloud-init[956]: The key fingerprint is:
[   12.403832] cloud-init[956]: SHA256:KZFz9bp5KQh3clirpzwi1Wbk209X+asffXuOxrS3YA8 root@ubuntu-xenial
[   12.434514] cloud-init[956]: The key's randomart image is:
[   12.463200] cloud-init[956]: +--[ED25519 256]--+
[   12.466949] cloud-init[956]: |          .      |
[   12.486159] cloud-init[956]: |       . . .     |
[   12.504337] cloud-init[956]: |      + . . .    |
[   12.508939] cloud-init[956]: |       +.+ o    .|
[   12.518751] cloud-init[956]: |      o+S =    ..|
[   12.531310] cloud-init[956]: |      .+=* o ...o|
[   12.546161] cloud-init[956]: |     . ooo= +E.o+|
[   12.564630] cloud-init[956]: |    . ..oo.+..B.B|
[   12.568938] cloud-init[956]: |     . .o. ..o+O+|
[   12.580550] cloud-init[956]: +----[SHA256]-----+
[[0;32m  OK  [0m] Started Snap Daemon.
         Starting Wait until snapd is fully seeded...
[[0;32m  OK  [0m] Started Pollinate to seed the pseudo random number generator.
         Starting OpenBSD Secure Shell server...
[[0;32m  OK  [0m] Started OpenBSD Secure Shell server.
[[0;32m  OK  [0m] Created slice User Slice of vagrant.
         Starting User Manager for UID 1000...
[[0;32m  OK  [0m] Started Session 1 of user vagrant.
[[0;32m  OK  [0m] Started User Manager for UID 1000.

Ubuntu 16.04.7 LTS ubuntu-xenial ttyS0

ubuntu-xenial login: [   21.750910] cloud-init[1834]: Generating locales (this might take a while)...
[   23.280823] cloud-init[1834]:   en_US.UTF-8... done
[   23.282596] cloud-init[1834]: Generation complete.
[   23.680348] cloud-init[1834]: Cloud-init v. 20.4.1-0ubuntu1~16.04.1 running 'modules:config' at Wed, 03 Mar 2021 08:37:46 +0000. Up 21.48 seconds.
ci-info: no authorized SSH keys fingerprints found for user ubuntu.
<14>Mar  3 08:37:49 ec2: 
<14>Mar  3 08:37:49 ec2: #############################################################
<14>Mar  3 08:37:49 ec2: -----BEGIN SSH HOST KEY FINGERPRINTS-----
<14>Mar  3 08:37:49 ec2: 1024 SHA256:g9vt/rvSmmA7SoEENq/hRD2Sa9mzL2RKRgp4Bx5yIV4 root@ubuntu-xenial (DSA)
<14>Mar  3 08:37:49 ec2: 256 SHA256:9v6NIOOhCA+IKiOSS5qMFFGcb2w9cpRkQPQ9+fiICMI root@ubuntu-xenial (ECDSA)
<14>Mar  3 08:37:49 ec2: 256 SHA256:KZFz9bp5KQh3clirpzwi1Wbk209X+asffXuOxrS3YA8 root@ubuntu-xenial (ED25519)
<14>Mar  3 08:37:49 ec2: 2048 SHA256:xt/R+0I1wN9cuq6tmEt2PNNgrPq6ZTcDCpHXzbtNWP4 root@ubuntu-xenial (RSA)
<14>Mar  3 08:37:49 ec2: -----END SSH HOST KEY FINGERPRINTS-----
<14>Mar  3 08:37:49 ec2: #############################################################
-----BEGIN SSH HOST KEY KEYS-----
ecdsa-sha2-nistp256 AAAAE2VjZHNhLXNoYTItbmlzdHAyNTYAAAAIbmlzdHAyNTYAAABBBL+LNWisoQoMw/VSz5QQLXXTYCEMpiaki5r7nIXsOKZaIStg8SPFKHFQRuJGhT85FspAoLk864L6aUg0Z5XCh6w= root@ubuntu-xenial
ssh-ed25519 AAAAC3NzaC1lZDI1NTE5AAAAINNF3qNdWu6vCleBK/cinkcdwPhdPaslal0vM28SiJhU root@ubuntu-xenial
ssh-rsa AAAAB3NzaC1yc2EAAAADAQABAAABAQCsKHIJKPVkIIijCidfRuyXLIrDDUWNNWFrbVxupA7Y4lblsqRCkvQJvTTnfUdHoeMtLNB2KnRsPpMArce1zim1fe352lDrTG9wWzBEIklyhw/FsBW+2tYQ9A8U7G5ue88biiVYlTq6wsxUuvnbeq6W+N7+0maEnq/vR6KgegfTLZKoNd/aMraSyRLgcTaZYQl/IKTnwjqdGOb9muhdivKa/4npgXvbwNTVg20QUKg2Ku21L67vSKmpngloiMH2cMU6CZ6UNpURX732Z7tQSST2EPjSxupB1DzcfXu+s6CLOf31cKn86nJv4xgeXjIMhK45HbqC1kAIfkktCV6g/naJ root@ubuntu-xenial
-----END SSH HOST KEY KEYS-----
[   24.263513] cloud-init[2046]: Cloud-init v. 20.4.1-0ubuntu1~16.04.1 running 'modules:final' at Wed, 03 Mar 2021 08:37:49 +0000. Up 24.05 seconds.
[   24.277312] cloud-init[2046]: ci-info: no authorized SSH keys fingerprints found for user ubuntu.
[   24.292786] cloud-init[2046]: Cloud-init v. 20.4.1-0ubuntu1~16.04.1 finished at Wed, 03 Mar 2021 08:37:49 +0000. Datasource DataSourceNoCloud [seed=/dev/sdb][dsmode=net].  Up 24.24 seconds
